

Started GET "/" for 127.0.0.1 at 2015-07-06 21:45:46 +0300
Processing by Rails::WelcomeController#index as HTML
  Rendered /home/bogito/.rvm/gems/ruby-2.2.2/gems/railties-4.2.1/lib/rails/templates/rails/welcome/index.html.erb (0.8ms)
Completed 200 OK in 11ms (Views: 3.6ms | ActiveRecord: 0.0ms)
  [1m[36m (93.0ms)[0m  [1mCREATE TABLE "schema_migrations" ("version" character varying NOT NULL) [0m
  [1m[35m (61.4ms)[0m  CREATE UNIQUE INDEX  "unique_schema_migrations" ON "schema_migrations"  ("version")
  [1m[36mActiveRecord::SchemaMigration Load (0.2ms)[0m  [1mSELECT "schema_migrations".* FROM "schema_migrations"[0m
Migrating to DeviseCreateUsers (20150706193633)
  [1m[35m (0.1ms)[0m  BEGIN
  [1m[36m (83.3ms)[0m  [1mCREATE TABLE "users" ("id" serial primary key, "email" character varying DEFAULT '' NOT NULL, "encrypted_password" character varying DEFAULT '' NOT NULL, "reset_password_token" character varying, "reset_password_sent_at" timestamp, "remember_created_at" timestamp, "sign_in_count" integer DEFAULT 0 NOT NULL, "current_sign_in_at" timestamp, "last_sign_in_at" timestamp, "current_sign_in_ip" inet, "last_sign_in_ip" inet, "created_at" timestamp NOT NULL, "updated_at" timestamp NOT NULL) [0m
  [1m[35m (54.3ms)[0m  CREATE UNIQUE INDEX  "index_users_on_email" ON "users"  ("email")
  [1m[36m (43.2ms)[0m  [1mCREATE UNIQUE INDEX  "index_users_on_reset_password_token" ON "users"  ("reset_password_token")[0m
  [1m[35mSQL (0.2ms)[0m  INSERT INTO "schema_migrations" ("version") VALUES ($1)  [["version", "20150706193633"]]
  [1m[36m (23.8ms)[0m  [1mCOMMIT[0m
  [1m[35mActiveRecord::SchemaMigration Load (0.1ms)[0m  SELECT "schema_migrations".* FROM "schema_migrations"
  [1m[36m (2.7ms)[0m  [1mSELECT t2.oid::regclass::text AS to_table, a1.attname AS column, a2.attname AS primary_key, c.conname AS name, c.confupdtype AS on_update, c.confdeltype AS on_delete
FROM pg_constraint c
JOIN pg_class t1 ON c.conrelid = t1.oid
JOIN pg_class t2 ON c.confrelid = t2.oid
JOIN pg_attribute a1 ON a1.attnum = c.conkey[1] AND a1.attrelid = t1.oid
JOIN pg_attribute a2 ON a2.attnum = c.confkey[1] AND a2.attrelid = t2.oid
JOIN pg_namespace t3 ON c.connamespace = t3.oid
WHERE c.contype = 'f'
  AND t1.relname = 'users'
  AND t3.nspname = ANY (current_schemas(false))
ORDER BY c.conname
[0m


Started GET "/" for 127.0.0.1 at 2015-07-06 22:41:31 +0300
  [1m[36mActiveRecord::SchemaMigration Load (0.3ms)[0m  [1mSELECT "schema_migrations".* FROM "schema_migrations"[0m
Processing by Rails::WelcomeController#index as HTML
  Rendered /home/bogito/.rvm/gems/ruby-2.2.2/gems/railties-4.2.1/lib/rails/templates/rails/welcome/index.html.erb (0.8ms)
Completed 200 OK in 9ms (Views: 3.6ms | ActiveRecord: 0.0ms)


Started GET "/" for 127.0.0.1 at 2015-07-06 23:19:32 +0300
  [1m[36mActiveRecord::SchemaMigration Load (0.3ms)[0m  [1mSELECT "schema_migrations".* FROM "schema_migrations"[0m
Processing by Rails::WelcomeController#index as HTML
  Rendered /home/bogito/.rvm/gems/ruby-2.2.2/gems/railties-4.2.1/lib/rails/templates/rails/welcome/index.html.erb (0.9ms)
Completed 200 OK in 10ms (Views: 4.0ms | ActiveRecord: 0.0ms)


Started GET "/goals" for 127.0.0.1 at 2015-07-06 23:19:40 +0300
Processing by GoalsController#index as HTML
  Rendered goals/index.html.erb within layouts/application (0.2ms)
Completed 200 OK in 957ms (Views: 956.2ms | ActiveRecord: 0.0ms)


Started GET "/assets/goals.self-e3b0c44298fc1c149afbf4c8996fb92427ae41e4649b934ca495991b7852b855.css?body=1" for 127.0.0.1 at 2015-07-06 23:19:41 +0300


Started GET "/assets/application.self-e80e8f2318043e8af94dddc2adad5a4f09739a8ebb323b3ab31cd71d45fd9113.css?body=1" for 127.0.0.1 at 2015-07-06 23:19:41 +0300


Started GET "/assets/jquery.self-d03a5518f45df77341bdbe6201ba3bfa547ebba8ed64f0ea56bfa5f96ea7c074.js?body=1" for 127.0.0.1 at 2015-07-06 23:19:41 +0300


Started GET "/assets/jquery_ujs.self-ca5248a2fad13d6bd58ea121318d642f195f0b2dd818b30615f785ff365e8d1f.js?body=1" for 127.0.0.1 at 2015-07-06 23:19:41 +0300


Started GET "/assets/turbolinks.self-c37727e9bd6b2735da5c311aa83fead54ed0be6cc8bd9a65309e9c5abe2cbfff.js?body=1" for 127.0.0.1 at 2015-07-06 23:19:41 +0300


Started GET "/assets/goals.self-877aef30ae1b040ab8a3aba4e3e309a11d7f2612f44dde450b5c157aa5f95c05.js?body=1" for 127.0.0.1 at 2015-07-06 23:19:41 +0300


Started GET "/assets/application.self-3b8dabdc891efe46b9a144b400ad69e37d7e5876bdc39dee783419a69d7ca819.js?body=1" for 127.0.0.1 at 2015-07-06 23:19:41 +0300


Started GET "/" for 127.0.0.1 at 2015-07-06 23:26:34 +0300
  [1m[36mActiveRecord::SchemaMigration Load (0.3ms)[0m  [1mSELECT "schema_migrations".* FROM "schema_migrations"[0m
Processing by GoalsController#index as HTML
  Rendered goals/index.html.erb within layouts/application (0.7ms)
Completed 200 OK in 100ms (Views: 90.5ms | ActiveRecord: 0.0ms)


Started GET "/" for 127.0.0.1 at 2015-07-06 23:27:03 +0300
  [1m[36mActiveRecord::SchemaMigration Load (0.3ms)[0m  [1mSELECT "schema_migrations".* FROM "schema_migrations"[0m
Processing by GoalsController#index as HTML
  Rendered goals/index.html.erb within layouts/application (0.7ms)
Completed 200 OK in 100ms (Views: 93.2ms | ActiveRecord: 0.0ms)
